
ROM used:   1602/2048 (78%)
            1602/2048 (78%) including unused fragments

            1.4 Average locations per line
            5.4 Average locations per statement

RAM used:   68/224 (30%) at main() level
            106/224 (47%) worst case

Stack used: 6 worst case (4 in main + 2 for interrupts)
Stack size: 8

Lines Stmts  %   Files
----- ----- ---  -----
  198   119  40  MotBtRfBasic2.c
  518     0   0  ..\..\..\..\..\..\Program Files (x86)\PICC\Devices\16F628A.h
  429   179  60  Lib_rc522.h
----- -----
 1145   298 Total

Page ROM  %  RAM   Vol Diff  Functions:
---- --- --- ---   --- ----  ----------
0     21   1    1             @delay_ms1
0     81   5    5   840  7.7  MFRC522_Rd
0     81   5    5   808  6.2  MFRC522_Wr
0     18   1    4   127  3.3  MFRC522_Clear_Bit
0     17   1    4   120  2.8  MFRC522_Set_Bit
 Inline         0   197  1.8  MFRC522_Reset
 Inline         1    72  2.0  MFRC522_AntennaOn
 Inline         0    25  1.2  MFRC522_AntennaOff
0     86   5    0   298  1.9  MFRC522_Init
0    228  14   17  2288 15.8  MFRC522_ToCard
 Inline         7   319  6.0  MFRC522_Request
 Inline         9   568  8.2  MFRC522_CRC
 Inline         5   302  3.3  MFRC522_Halt
 Inline         8   581  8.2  MFRC522_AntiColl
 Inline         3    89  3.6  MFRC522_isCard
 Inline         5   149  4.7  MFRC522_ReadCardSerial
0     34   2    5   244  6.7  get_UID
0     52   3    1   165  2.2  PanicRoom
0     31   2    0   174  3.1  timer_1
 Inline         5   262  2.8  PassChange
 Inline         5   822  4.8  PassVerify
0    345  22    2   136  2.8  serial_isr
0    431  27    0   776  4.8  deteccion
0    118   7    1   581  4.3  MAIN
 Inline         0             @cinit1

Program metrics:
    Functions               23
    Statements              298
    Comments                141
    Volume (V)              16881
    Difficulty (D)          109.6
    Effort to implement (E) 1850877
    Time to implement (T)   28 hours, 34 minutes
    Est Delivered Bugs (B)  5
    Cyclomatic Complexity   39
    Maintainability (MI)    63

 Segment     Used  Free
-----------  ----  ----
00000-00003     4  0  
00004-0003A    55  0  
0003B-007FF  1543  446  



