
ROM used:   295/2048 (14%)
            295/2048 (14%) including unused fragments

            0.5 Average locations per line
            10.9 Average locations per statement

RAM used:   44/224 (20%) at main() level
            51/224 (23%) worst case

Stack used: 3 worst case (1 in main + 2 for interrupts)
Stack size: 8

Lines Stmts  %   Files
----- ----- ---  -----
   82    27 100  comcad.c
  518     0   0  ..\..\..\..\..\..\..\Program Files (x86)\PICC\Devices\16F628A.h
----- -----
  600    27 Total

Page ROM  %  RAM   Vol Diff  Functions:
---- --- --- ---   --- ----  ----------
0     21   7    1             @delay_ms1
 Inline         6   265  3.5  PassVerify
0      9   3    0    80  2.1  @const570
0    151  51    0    80  2.1  serial_isr
0     65  22    0   212  2.2  MAIN
 Inline         0             @cinit1

Program metrics:
    Functions               4
    Statements              27
    Comments                119
    Volume (V)              896
    Difficulty (D)          10.0
    Effort to implement (E) 8987
    Time to implement (T)   8 minutes
    Est Delivered Bugs (B)  0
    Cyclomatic Complexity   3
    Maintainability (MI)    153

 Segment     Used  Free
-----------  ----  ----
00000-00003     4  0  
00004-00030    45  0  
00031-007FF   246  1753  



